<?xml version="1.0" encoding="UTF-8"?>
<beans xmlns="http://www.springframework.org/schema/beans"
	xmlns:xsi="http://www.w3.org/2001/XMLSchema-instance"
	xsi:schemaLocation="http://www.springframework.org/schema/beans http://www.springframework.org/schema/beans/spring-beans.xsd">
	<bean id="global-properties"
		class="org.alfresco.config.JndiPropertiesFactoryBean">
		<property name="locations">
			<list>
				<value>classpath*:alfresco/module/*/alfresco-global.properties
				</value>
				<value>classpath*:alfresco-global.properties</value>
			</list>
		</property>
		<property name="systemPropertiesModeName">
			<value>SYSTEM_PROPERTIES_MODE_OVERRIDE</value>
		</property>
		<property name="propertiesPersister">
			<bean class="org.alfresco.config.AlfrescoPropertiesPersister" />
		</property>
	</bean>
	<bean id="common-placeholder-configurer"
		class="org.springframework.beans.factory.config.PropertyPlaceholderConfigurer"
		abstract="true">
		<!-- Note: If you change these settings you may also want to change them 
			in the LegacyConfigPostProcessor as well. -->
		<property name="valueSeparator">
			<null />
		</property>
		<property name="ignoreUnresolvablePlaceholders">
			<value>true</value>
		</property>
		<property name="searchSystemEnvironment">
			<value>false</value>
		</property>
		<property name="propertiesPersister">
			<bean class="org.alfresco.config.AlfrescoPropertiesPersister" />
		</property>
	</bean>
	<bean id="repository-properties"
		parent="common-placeholder-configurer">
		<property name="properties">
			<ref bean="global-properties" />
		</property>
		<!-- Do not allow version information to be overriden -->
		<property name="localOverride">
			<value>false</value>
		</property>
		<property name="systemPropertiesModeName">
			<value>SYSTEM_PROPERTIES_MODE_NEVER</value>
		</property>
		<!-- Order before shared-properties to give you a chance to override its 
			parameters here -->
		<property name="order">
			<value>6</value>
		</property>
	</bean>
	<bean id="checkOutCheckInService"
		class="org.alfresco.mock.test.MockCheckOutCheckInService" />
	<alias name="checkOutCheckInService"
		alias="CheckOutCheckInService" />
	<bean id="contentService"
		class="org.alfresco.mock.test.MockContentService">
		<property name="nodeService" ref="nodeService" />
		<property name="mimetypeService" ref="mimetypeService" />
	</bean>
	<alias name="contentService" alias="ContentService" />
	<bean id="nodeService"
		class="org.alfresco.mock.test.MockNodeService">
		<property name="namespaceService" ref="namespaceService" />
	</bean>
	<bean id="actionService"
		class="org.alfresco.mock.test.MockActionService" />
	<alias name="nodeService" alias="NodeService" />
	<alias name="actionService" alias="ActionService" />
	<bean id="fileFolderService"
		class="org.alfresco.mock.test.MockFileFolderService">
		<property name="nodeService" ref="nodeService" />
		<property name="namespaceService" ref="namespaceService" />
	</bean>
	<alias name="fileFolderService" alias="FileFolderService" />
	<bean id="searchService"
		class="org.alfresco.mock.test.MockSearchService">
		<property name="nodeService" ref="nodeService" />
		<property name="namespaceService" ref="namespaceService" />
	</bean>
	<alias name="searchService" alias="SearchService" />
	<bean id="mimetypeService"
		class="org.alfresco.mock.test.MockMimetypeService" />
	<bean id="nodeLocatorService"
		class="org.alfresco.mock.test.MockNodeLocatorService" />
	<alias name="nodeLocatorService" alias="NodeLocatorService" />
	<bean id="permissionService"
		class="org.alfresco.mock.test.MockPermissionService">
		<property name="nodeService" ref="nodeService" />
	</bean>
	<bean id="transactionService"
		class="org.alfresco.mock.test.MockTransactionService" />
	<alias name="transactionService" alias="TransactionService" />
	<bean id="retryingTransactionHelper" class="org.alfresco.mock.test.MockRetryingTransactionHelper"/>
	<alias name="retryingTransactionHelper" alias="RetryingTransactionHelper"/>
	<bean id="baseJavaScriptExtension" abstract="true" />
	<bean id="dictionaryModelBootstrap"
		class="org.alfresco.repo.dictionary.DictionaryBootstrap"
		abstract="true" />
	<bean id="dictionaryBootstrap"
		class="org.alfresco.repo.dictionary.DictionaryBootstrap" />
	<bean id="authenticationService"
		class="org.alfresco.mock.test.MockAuthenticationService" />
	<bean id="dictionaryService"
		class="org.alfresco.mock.test.MockDictionaryService" />
	<alias name="dictionaryService" alias="DictionaryService" />
	<bean id="versionService"
		class="org.alfresco.mock.test.MockVersionService" />
	<bean id="copyService"
		class="org.alfresco.mock.test.MockCopyService" />
	<alias name="copyService" alias="CopyService" />
	<bean id="siteService"
		class="org.alfresco.mock.test.MockSiteService">
		<property name="searchService" ref="searchService" />
		<property name="nodeService" ref="nodeService" />
	</bean>
	<alias name="siteService" alias="SiteService" />
	<bean id="personService"
		class="org.alfresco.mock.test.MockPersonService" />
	<alias name="personService" alias="PersonService" />
	<bean id="authorityService"
		class="org.alfresco.mock.test.MockAuthorityService">
		<property name="nodeService">
			<ref bean="NodeService" />
		</property>
	</bean>
	<alias name="authorityService" alias="AuthorityService" />
	<bean id="ServiceRegistry"
		class="org.alfresco.mock.test.MockServiceRegistry">
		<property name="nodeService">
			<ref bean="NodeService" />
		</property>
		<property name="contentService">
			<ref bean="ContentService" />
		</property>
		<property name="searchService">
			<ref bean="SearchService" />
		</property>
		<property name="fileFolderService">
			<ref bean="FileFolderService" />
		</property>
		<property name="nodeLocatorService">
			<ref bean="NodeLocatorService" />
		</property>
		<property name="namespaceService">
			<ref bean="NamespaceService" />
		</property>
		<property name="scriptService">
			<ref bean="scriptService" />
		</property>
		<property name="mimetypeService">
			<ref bean="MimetypeService" />
		</property>
		<property name="importerService">
			<ref bean="ImporterService" />
		</property>
		<property name="permissionService">
			<ref bean="permissionService" />
		</property>
		<property name="templateService">
			<ref bean="templateService" />
		</property>
		<property name="transactionService">
			<ref bean="transactionService" />
		</property>
		<property name="renditionService2">
			<ref bean="renditionService2" />
		</property>
		<property name="solrFacetHelper">
			<ref bean="solrFacetHelper" />
		</property>
		<property name="authenticationService">
			<ref bean="authenticationService" />
		</property>
		<property name="dictionaryService">
			<ref bean="DictionaryService" />
		</property>
		<property name="versionService">
			<ref bean="VersionService" />
		</property>
		<property name="copyService">
			<ref bean="CopyService" />
		</property>
		<property name="checkOutCheckInService">
			<ref bean="CheckOutCheckInService" />
		</property>
		<property name="siteService">
			<ref bean="SiteService" />
		</property>
		<property name="personService">
			<ref bean="PersonService" />
		</property>
		<property name="authorityService">
			<ref bean="AuthorityService" />
		</property>
		<property name="actionService">
			<ref bean="actionService" />
		</property>
	</bean>
	<bean id="action-executer" abstract="true" />
	<alias name="mimetypeService" alias="MimetypeService" />
	<alias name="authenticationService" alias="AuthenticationService" />
	<alias name="permissionService" alias="PermissionService" />
	<bean id="importerService"
		class="org.alfresco.mock.test.MockImporterService" />
	<alias name="importerService" alias="ImporterService" />
	<bean id="scriptService"
		class="org.alfresco.mock.test.MockScriptService">
		<property name="scriptProcessor" ref="javaScriptProcessor" />
	</bean>
	<bean id="namespaceService"
		class="org.alfresco.mock.test.MockNamespaceService" />
	<bean id="templateService"
		class="org.alfresco.mock.test.MockTemplateService" />
	<bean id="renditionService2"
		class="org.alfresco.mock.test.MockRenditionService2" />
	<bean id="solrFacetRawProperties"
		class="org.springframework.beans.factory.config.ListFactoryBean">
		<property name="sourceList">
			<list />
		</property>
	</bean>
	<bean id="solrFacetHelper"
		class="org.alfresco.mock.test.MockSolrFacetHelper">
		<constructor-arg index="0"
			ref="solrFacetRawProperties" />
	</bean>
	<alias name="namespaceService" alias="NamespaceService" />
	<alias name="versionService" alias="VersionService" />
	<alias name="ServiceRegistry" alias="services" />
	<bean id="javaScriptProcessor"
		class="org.alfresco.mock.test.MockScriptProcessor"
		init-method="register">
		<property name="name">
			<value>javascript</value>
		</property>
		<property name="extension">
			<value>js</value>
		</property>
		<!-- compile javascript and cache compiled scripts -->
		<property name="compile">
			<value>true</value>
		</property>
		<!-- allow sharing of sealed scopes for performance -->
		<!-- disable to give each script it's own new scope which can be extended -->
		<property name="shareSealedScopes">
			<value>true</value>
		</property>
		<property name="scriptService">
			<ref bean="scriptService" />
		</property>
		<!-- Creates ScriptNodes which require the ServiceRegistry -->
		<property name="serviceRegistry">
			<ref bean="ServiceRegistry" />
		</property>
		<property name="storeUrl">
			<value>workspace://SpacesStore</value>
		</property>
		<property name="storePath">
			<value>app:company_home</value>
		</property>
	</bean>
	<bean id="searchScript" parent="baseJavaScriptExtension"
		class="org.alfresco.mock.test.script.MockSearch">
		<property name="extensionName">
			<value>search</value>
		</property>
		<property
			name="searchSubsystemSwitchableApplicationContextFactory">
			<ref bean="Search" />
		</property>
		<property name="serviceRegistry">
			<ref bean="ServiceRegistry" />
		</property>
		<property name="repositoryHelper">
			<ref bean="repositoryHelper" />
		</property>
		<property name="storeUrl">
			<value>workspace://SpacesStore</value>
		</property>
	</bean>
	<bean id="loggerScript" parent="baseJavaScriptExtension"
		class="org.alfresco.mock.test.script.MockLogger">
		<property name="extensionName">
			<value>logger</value>
		</property>
	</bean>
	<bean id="utilsScript" parent="baseJavaScriptExtension"
		class="org.alfresco.mock.test.script.MockUtils">
		<property name="extensionName">
			<value>utils</value>
		</property>
		<property name="serviceRegistry">
			<ref bean="ServiceRegistry" />
		</property>
		<property name="nodeService" ref="nodeService" />
	</bean>
	<bean id="repositoryHelper"
		class="org.alfresco.repo.model.Repository">
		<property name="namespaceService" ref="namespaceService" />
		<property name="nodeService" ref="nodeService" />
		<property name="fileFolderService" ref="FileFolderService" />
		<property name="searchService" ref="searchService" />
		<property name="companyHomeStore">
			<value>workspace://SpacesStore</value>
		</property>
		<property name="companyHomePath">
			<value>app:company_home</value>
		</property>
	</bean>
	<bean id="search"
		class="org.alfresco.repo.management.subsystems.SwitchableApplicationContextFactory"
		parent="abstractPropertyBackedBean">
		<property name="autoStart">
			<value>false</value>
		</property>
		<property name="category">
			<value>Search</value>
		</property>
		<property name="sourceBeanName">
			<value>lucene</value>
		</property>
		<property name="instancePath">
			<list>
				<value>manager</value>
			</list>
		</property>
	</bean>
	<alias name="search" alias="Search" />
	<bean id="propertyBackedBeanRegistry"
		class="org.alfresco.repo.management.subsystems.DefaultPropertyBackedBeanRegistry" />
	<bean id="abstractPropertyBackedBean"
		class="org.alfresco.repo.management.subsystems.AbstractPropertyBackedBean"
		abstract="true">
		<property name="registry">
			<ref bean="propertyBackedBeanRegistry" />
		</property>
		<!-- Ensure that child application contexts propagate global default values -->
		<property name="propertyDefaults">
			<ref bean="global-properties" />
		</property>
	</bean>
	<bean id="module.baseComponent" abstract="true" init-method="init">
		<property name="serviceRegistry" ref="ServiceRegistry" />
	</bean>
	<bean id="spacesStoreImporter"
		class="org.alfresco.mock.test.MockImporterBootstrap" />
	<bean id="jobLockService"
		class="org.alfresco.mock.test.MockJobLockServiceImpl">
	</bean>
	<alias name="jobLockService" alias="JobLockService" />
	<bean id="TransferService2"
		class="org.alfresco.mock.test.MockTransferServiceImpl2" />
	<bean id="NodeCrawlerFactory"
		class="org.alfresco.repo.transfer.StandardNodeCrawlerFactoryImpl">
		<constructor-arg ref="ServiceRegistry" />
	</bean>
	<bean id="actionTrackingService"
		class="org.alfresco.repo.action.ActionTrackingServiceImpl" />
	<bean id="replicationDefinitionPersister"
		class="org.alfresco.mock.test.MockReplicationDefinitionPersisterImpl" />
	<bean id="replicationParams"
		class="org.alfresco.repo.replication.ReplicationParamsImpl" />
	<bean id="transferService"
		class="org.alfresco.repo.transfer.TransferServiceImpl" />
	<alias name="transferService" alias="TransferService" />
	<bean id="TaggingService"
		class="org.alfresco.mock.test.MockTaggingService" />
	<bean id="alienProcessor"
		class="org.alfresco.repo.transfer.AlienProcessorImpl" />
	<bean id="CategoryService"
		class="org.alfresco.mock.test.MockCategoryService" />
	<bean id="scheduledPersistedActionService"
		class="org.alfresco.mock.test.MockScheduledPersistedActionService" />
	<bean name="immutableSingletonCache"
		class="org.alfresco.mock.test.MockTransactionalCache" />
	<bean name="descriptorService"
		class="org.alfresco.mock.test.MockDescriptorService" />
	<alias name="descriptorService" alias="DescriptorService" />
	<bean id="transferTransmitter"
		class="org.alfresco.repo.transfer.HttpClientTransmitterImpl" />
	<bean id="transferManifestNodeFactory"
		class="org.alfresco.repo.transfer.manifest.TransferManifestNodeFactoryImpl" />
	<bean id="tenantService"
		class="org.alfresco.repo.tenant.SingleTServiceImpl" />
	<bean id="ruleService"
		class="org.alfresco.mock.test.MockRuleService" />
	<alias name="ruleService" alias="RuleService" />
	<bean id="policyBehaviourFilter"
		class="org.alfresco.repo.policy.BehaviourFilterImpl" />
	<bean id="transferProgressMonitor"
		class="org.alfresco.repo.transfer.LoggingTransferProgressMonitorImpl" />
	<bean id="policyComponent"
		class="org.alfresco.mock.test.MockPolicyComponent" />
</beans>